	.cpu cortex-m0
	.fpu softvfp
	.eabi_attribute 20, 1
	.eabi_attribute 21, 1
	.eabi_attribute 23, 3
	.eabi_attribute 24, 1
	.eabi_attribute 25, 1
	.eabi_attribute 26, 1
	.eabi_attribute 30, 4
	.eabi_attribute 34, 0
	.eabi_attribute 18, 4
	.code	16
	.file	"cortex_startup.c"
	.section	.text.__startup,"ax",%progbits
	.align	1
	.global	__startup
	.code	16
	.thumb_func
	.type	__startup, %function
__startup:
	mov	r2, #0
	ldr	r1, .L10
	ldr	r3, .L10+4
	push	{r4, lr}
	sub	r3, r3, r1
	lsr	r3, r3, #2
	add	r3, r3, #1
	lsl	r3, r3, #2
.L2:
	add	r0, r2, #4
	cmp	r0, r3
	beq	.L8
	mov	r4, #0
	add	r2, r1, r2
	str	r4, [r2]
	mov	r2, r0
	b	.L2
.L8:
	mov	r2, #0
	ldr	r1, .L10+8
	ldr	r3, .L10+12
	sub	r3, r3, r1
	lsr	r3, r3, #2
	add	r3, r3, #1
	lsl	r3, r3, #2
.L4:
	add	r0, r2, #4
	cmp	r0, r3
	beq	.L9
	ldr	r4, .L10+16
	ldr	r4, [r4, r2]
	str	r4, [r1, r2]
	mov	r2, r0
	b	.L4
.L9:
	bl	main
.L6:
	b	.L6
.L11:
	.align	2
.L10:
	.word	__bss_start
	.word	__bss_end
	.word	__data_start
	.word	__data_end
	.word	__data_init_start
	.size	__startup, .-__startup
	.section	.text.__cxa_pure_virtual,"ax",%progbits
	.align	1
	.global	__cxa_pure_virtual
	.code	16
	.thumb_func
	.type	__cxa_pure_virtual, %function
__cxa_pure_virtual:
	@ sp needed
	bx	lr
	.size	__cxa_pure_virtual, .-__cxa_pure_virtual
	.comm	__dso_handle,4,4
	.global	__vectors
	.section	.vectors,"a",%progbits
	.align	2
	.type	__vectors, %object
	.size	__vectors, 32
__vectors:
	.word	__stack_end
	.word	__startup
	.space	24
	.ident	"GCC: (GNU Tools for ARM Embedded Processors) 4.9.3 20150529 (release) [ARM/embedded-4_9-branch revision 227977]"
