	.cpu cortex-m0
	.fpu softvfp
	.eabi_attribute 20, 1
	.eabi_attribute 21, 1
	.eabi_attribute 23, 3
	.eabi_attribute 24, 1
	.eabi_attribute 25, 1
	.eabi_attribute 26, 1
	.eabi_attribute 30, 4
	.eabi_attribute 34, 0
	.eabi_attribute 18, 4
	.code	16
	.file	"cortex.cpp"
	.section	.text._ZN5hwcpp12lpc1114_baseILi4096ELi32768ELi48000000EE16initialize_clockEv,"axG",%progbits,_ZN5hwcpp12lpc1114_baseILi4096ELi32768ELi48000000EE16initialize_clockEv,comdat
	.align	1
	.weak	_ZN5hwcpp12lpc1114_baseILi4096ELi32768ELi48000000EE16initialize_clockEv
	.code	16
	.thumb_func
	.type	_ZN5hwcpp12lpc1114_baseILi4096ELi32768ELi48000000EE16initialize_clockEv, %function
_ZN5hwcpp12lpc1114_baseILi4096ELi32768ELi48000000EE16initialize_clockEv:
	mov	r1, #1
	mov	r0, #3
	ldr	r3, .L5
	str	r1, [r3, #120]
	ldr	r2, [r3, #112]
	bic	r2, r0
	str	r2, [r3, #112]
	ldr	r2, [r3, #116]
	add	r0, r0, #125
	bic	r2, r1
	str	r2, [r3, #116]
	ldr	r2, [r3, #116]
	orr	r2, r1
	str	r2, [r3, #116]
	mov	r2, #142
	lsl	r2, r2, #2
	ldr	r1, [r3, r2]
	orr	r1, r0
	str	r1, [r3, r2]
	mov	r1, #35
	str	r1, [r3, #8]
	ldr	r1, [r3, r2]
	bic	r1, r0
	str	r1, [r3, r2]
.L2:
	mov	r1, #1
	ldr	r0, [r3, #12]
	ldr	r2, .L5
	tst	r0, r1
	beq	.L2
	mov	r3, #3
	str	r3, [r2, #112]
	ldr	r3, [r2, #116]
	@ sp needed
	bic	r3, r1
	str	r3, [r2, #116]
	ldr	r3, [r2, #116]
	orr	r3, r1
	str	r3, [r2, #116]
	bx	lr
.L6:
	.align	2
.L5:
	.word	1074036736
	.size	_ZN5hwcpp12lpc1114_baseILi4096ELi32768ELi48000000EE16initialize_clockEv, .-_ZN5hwcpp12lpc1114_baseILi4096ELi32768ELi48000000EE16initialize_clockEv
	.section	.text._ZN5bmptk3nowEv,"ax",%progbits
	.align	1
	.global	_ZN5bmptk3nowEv
	.code	16
	.thumb_func
	.type	_ZN5bmptk3nowEv, %function
_ZN5bmptk3nowEv:
	push	{r3, r4, r5, r6, r7, lr}
	ldr	r6, .L10
	ldr	r4, .L10+4
	ldrb	r5, [r6]
	cmp	r5, #0
	bne	.L8
	bl	_ZN5hwcpp12lpc1114_baseILi4096ELi32768ELi48000000EE16initialize_clockEv
	ldr	r3, .L10+8
	str	r5, [r4]
	str	r3, [r4, #4]
	mov	r3, #1
	str	r5, [r4, #8]
	str	r3, [r4]
	strb	r3, [r6]
.L8:
	ldr	r0, [r4, #8]
	ldr	r3, .L10+12
	mvn	r0, r0
	ldr	r1, [r3]
	lsl	r0, r0, #8
	mov	r2, r3
	lsr	r0, r0, #8
	ldr	r3, .L10+16
	cmp	r0, r1
	bcs	.L9
	ldr	r6, [r3]
	ldr	r7, [r3, #4]
	mov	r4, #128
	mov	r5, #0
	lsl	r4, r4, #17
	add	r4, r4, r6
	adc	r5, r5, r7
	str	r4, [r3]
	str	r5, [r3, #4]
.L9:
	str	r0, [r2]
	ldr	r2, [r3]
	ldr	r1, [r3, #4]
	orr	r0, r2
	@ sp needed
	pop	{r3, r4, r5, r6, r7, pc}
.L11:
	.align	2
.L10:
	.word	.LANCHOR0
	.word	-536813552
	.word	16777215
	.word	_ZZN5hwcpp12lpc1114_baseILi4096ELi32768ELi48000000EE8timer_643nowEvE8last_low
	.word	_ZZN5hwcpp12lpc1114_baseILi4096ELi32768ELi48000000EE8timer_643nowEvE4high
	.size	_ZN5bmptk3nowEv, .-_ZN5bmptk3nowEv
	.section	.text._ZN5bmptk4waitEx,"ax",%progbits
	.align	1
	.global	_ZN5bmptk4waitEx
	.code	16
	.thumb_func
	.type	_ZN5bmptk4waitEx, %function
_ZN5bmptk4waitEx:
	push	{r3, r4, r5, lr}
	mov	r4, r0
	mov	r5, r1
	bl	_ZN5bmptk3nowEv
	add	r4, r4, r0
	adc	r5, r5, r1
.L13:
	bl	_ZN5bmptk3nowEv
	cmp	r5, r1
	bgt	.L13
	bne	.L12
	cmp	r4, r0
	bhi	.L13
.L12:
	@ sp needed
	pop	{r3, r4, r5, pc}
	.size	_ZN5bmptk4waitEx, .-_ZN5bmptk4waitEx
	.weak	_ZZN5hwcpp12lpc1114_baseILi4096ELi32768ELi48000000EE8timer_643nowEvE4high
	.section	.bss._ZZN5hwcpp12lpc1114_baseILi4096ELi32768ELi48000000EE8timer_643nowEvE4high,"awG",%nobits,_ZZN5hwcpp12lpc1114_baseILi4096ELi32768ELi48000000EE8timer_643nowEvE4high,comdat
	.align	3
	.type	_ZZN5hwcpp12lpc1114_baseILi4096ELi32768ELi48000000EE8timer_643nowEvE4high, %object
	.size	_ZZN5hwcpp12lpc1114_baseILi4096ELi32768ELi48000000EE8timer_643nowEvE4high, 8
_ZZN5hwcpp12lpc1114_baseILi4096ELi32768ELi48000000EE8timer_643nowEvE4high:
	.space	8
	.weak	_ZZN5hwcpp12lpc1114_baseILi4096ELi32768ELi48000000EE8timer_643nowEvE8last_low
	.section	.bss._ZZN5hwcpp12lpc1114_baseILi4096ELi32768ELi48000000EE8timer_643nowEvE8last_low,"awG",%nobits,_ZZN5hwcpp12lpc1114_baseILi4096ELi32768ELi48000000EE8timer_643nowEvE8last_low,comdat
	.align	2
	.type	_ZZN5hwcpp12lpc1114_baseILi4096ELi32768ELi48000000EE8timer_643nowEvE8last_low, %object
	.size	_ZZN5hwcpp12lpc1114_baseILi4096ELi32768ELi48000000EE8timer_643nowEvE8last_low, 4
_ZZN5hwcpp12lpc1114_baseILi4096ELi32768ELi48000000EE8timer_643nowEvE8last_low:
	.space	4
	.weak	_ZN5hwcpp2io4coutE
	.section	.bss._ZZN5bmptk3nowEvE9init_done,"aw",%nobits
	.set	.LANCHOR0,. + 0
	.type	_ZZN5bmptk3nowEvE9init_done, %object
	.size	_ZZN5bmptk3nowEvE9init_done, 1
_ZZN5bmptk3nowEvE9init_done:
	.space	1
	.section	.data._ZN5hwcpp2io4coutE,"aw",%progbits
	.align	2
	.type	_ZN5hwcpp2io4coutE, %object
	.size	_ZN5hwcpp2io4coutE, 20
_ZN5hwcpp2io4coutE:
	.word	0
	.word	10
	.byte	32
	.byte	65
	.byte	1
	.byte	0
	.byte	0
	.byte	0
	.space	2
	.word	0
	.ident	"GCC: (GNU Tools for ARM Embedded Processors) 4.9.3 20150529 (release) [ARM/embedded-4_9-branch revision 227977]"
