	.file	"font.cpp"
	.section	.text$_ZNK8graphics15inline_bw_photo12checked_readENS_6vectorE,"x"
	.linkonce discard
	.align 2
LCOLDB0:
LHOTB0:
	.align 2
	.globl	__ZNK8graphics15inline_bw_photo12checked_readENS_6vectorE
	.def	__ZNK8graphics15inline_bw_photo12checked_readENS_6vectorE;	.scl	2;	.type	32;	.endef
__ZNK8graphics15inline_bw_photo12checked_readENS_6vectorE:
LFB2570:
	.cfi_startproc
	pushl	%ebp
	.cfi_def_cfa_offset 8
	.cfi_offset 5, -8
	movl	%esp, %ebp
	.cfi_def_cfa_register 5
	pushl	%ebx
	.cfi_offset 3, -12
	movl	%ecx, %ebx
	subl	$20, %esp
	movl	8(%ebp), %eax
	movl	%eax, (%esp)
	call	__ZNK8graphics15inline_bw_photo9bool_readENS_6vectorE
	pushl	%edx
	leal	12(%ebx), %edx
	addl	$16, %ebx
	testb	%al, %al
	cmovne	%edx, %ebx
	movl	(%ebx), %eax
	movl	-4(%ebp), %ebx
	leave
	.cfi_restore 5
	.cfi_restore 3
	.cfi_def_cfa 4, 4
	ret	$4
	.cfi_endproc
LFE2570:
LCOLDE0:
LHOTE0:
	.section	.text.unlikely.__tcf_0,"x"
LCOLDB1:
	.section	.text$__tcf_0,"x"
LHOTB1:
	.def	___tcf_0;	.scl	3;	.type	32;	.endef
___tcf_0:
LFB2810:
	.cfi_startproc
	pushl	%ebp
	.cfi_def_cfa_offset 8
	.cfi_offset 5, -8
	movl	$__ZStL8__ioinit, %ecx
	movl	%esp, %ebp
	.cfi_def_cfa_register 5
	popl	%ebp
	.cfi_restore 5
	.cfi_def_cfa 4, 4
	jmp	__ZNSt8ios_base4InitD1Ev
	.cfi_endproc
LFE2810:
	.section	.text.unlikely.__tcf_0,"x"
LCOLDE1:
	.section	.text$__tcf_0,"x"
LHOTE1:
	.section	.text.unlikely._ZN8graphics12font_defaultEv,"x"
LCOLDB2:
	.section	.text$_ZN8graphics12font_defaultEv,"x"
LHOTB2:
	.globl	__ZN8graphics12font_defaultEv
	.def	__ZN8graphics12font_defaultEv;	.scl	2;	.type	32;	.endef
__ZN8graphics12font_defaultEv:
LFB2597:
	.cfi_startproc
	cmpb	$0, __ZGVZN8graphics12font_defaultEvE3fnt
	pushl	%ebp
	.cfi_def_cfa_offset 8
	.cfi_offset 5, -8
	movl	%esp, %ebp
	.cfi_def_cfa_register 5
	jne	L8
	movb	$0, __ZZN8graphics12font_defaultEvE3fnt+4
	movb	$1, __ZZN8graphics12font_defaultEvE3fnt+5
	movw	$0, __ZZN8graphics12font_defaultEvE3fnt+6
	movw	$8, __ZZN8graphics12font_defaultEvE3fnt+8
	movw	$426, __ZZN8graphics12font_defaultEvE3fnt+16
	movw	$8, __ZZN8graphics12font_defaultEvE3fnt+18
	movl	$__ZN8graphics17font_default_dataE, __ZZN8graphics12font_defaultEvE3fnt+20
	movl	$0, __ZZN8graphics12font_defaultEvE3fnt+24
	movb	$0, __ZZN8graphics12font_defaultEvE3fnt+28
	movb	$-1, __ZZN8graphics12font_defaultEvE3fnt+29
	movb	$-1, __ZZN8graphics12font_defaultEvE3fnt+30
	movb	$-1, __ZZN8graphics12font_defaultEvE3fnt+31
	movl	$__ZTVN8graphics11inline_fontE+8, __ZZN8graphics12font_defaultEvE3fnt
	movl	$__ZTVN8graphics11inline_fontE+28, __ZZN8graphics12font_defaultEvE3fnt+12
	movl	$__ZN8graphics18font_default_startE, __ZZN8graphics12font_defaultEvE3fnt+32
	movb	$1, __ZGVZN8graphics12font_defaultEvE3fnt
L8:
	movl	$__ZZN8graphics12font_defaultEvE3fnt, %eax
	popl	%ebp
	.cfi_restore 5
	.cfi_def_cfa 4, 4
	ret
	.cfi_endproc
LFE2597:
	.section	.text.unlikely._ZN8graphics12font_defaultEv,"x"
LCOLDE2:
	.section	.text$_ZN8graphics12font_defaultEv,"x"
LHOTE2:
	.section	.text.unlikely._GLOBAL__sub_I__ZN8graphics12font_defaultEv,"x"
LCOLDB3:
	.section	.text.startup._GLOBAL__sub_I__ZN8graphics12font_defaultEv,"x"
LHOTB3:
	.def	__GLOBAL__sub_I__ZN8graphics12font_defaultEv;	.scl	3;	.type	32;	.endef
__GLOBAL__sub_I__ZN8graphics12font_defaultEv:
LFB2811:
	.cfi_startproc
	pushl	%ebp
	.cfi_def_cfa_offset 8
	.cfi_offset 5, -8
	movl	$__ZStL8__ioinit, %ecx
	movl	%esp, %ebp
	.cfi_def_cfa_register 5
	subl	$24, %esp
	call	__ZNSt8ios_base4InitC1Ev
	movl	$___tcf_0, (%esp)
	call	_atexit
	leave
	.cfi_restore 5
	.cfi_def_cfa 4, 4
	ret
	.cfi_endproc
LFE2811:
	.section	.text.unlikely._GLOBAL__sub_I__ZN8graphics12font_defaultEv,"x"
LCOLDE3:
	.section	.text.startup._GLOBAL__sub_I__ZN8graphics12font_defaultEv,"x"
LHOTE3:
	.section	.ctors,"w"
	.align 4
	.long	__GLOBAL__sub_I__ZN8graphics12font_defaultEv
	.section	.data$_ZZN8graphics12font_defaultEvE3fnt,"w"
	.align 32
__ZZN8graphics12font_defaultEvE3fnt:
	.space 36
	.globl	__ZN8graphics18font_default_startE
	.section	.rdata$_ZN8graphics18font_default_startE,"dr"
	.align 32
__ZN8graphics18font_default_startE:
	.long	0
	.long	4
	.long	6
	.long	10
	.long	16
	.long	21
	.long	27
	.long	33
	.long	35
	.long	38
	.long	41
	.long	45
	.long	49
	.long	52
	.long	56
	.long	58
	.long	64
	.long	69
	.long	72
	.long	77
	.long	82
	.long	87
	.long	92
	.long	97
	.long	102
	.long	107
	.long	112
	.long	114
	.long	116
	.long	120
	.long	124
	.long	128
	.long	133
	.long	139
	.long	144
	.long	149
	.long	153
	.long	158
	.long	162
	.long	166
	.long	171
	.long	176
	.long	180
	.long	185
	.long	190
	.long	194
	.long	200
	.long	205
	.long	210
	.long	215
	.long	220
	.long	225
	.long	230
	.long	234
	.long	239
	.long	244
	.long	250
	.long	255
	.long	260
	.long	264
	.long	267
	.long	273
	.long	276
	.long	280
	.long	285
	.long	288
	.long	293
	.long	298
	.long	302
	.long	307
	.long	312
	.long	316
	.long	321
	.long	326
	.long	328
	.long	331
	.long	336
	.long	338
	.long	344
	.long	349
	.long	354
	.long	359
	.long	364
	.long	368
	.long	373
	.long	377
	.long	382
	.long	387
	.long	393
	.long	397
	.long	402
	.long	407
	.long	411
	.long	413
	.long	417
	.long	422
	.long	426
	.globl	__ZN8graphics17font_default_dataE
	.section	.rdata$_ZN8graphics17font_default_dataE,"dr"
	.align 32
__ZN8graphics17font_default_dataE:
	.byte	0
	.byte	0
	.byte	0
	.byte	0
	.byte	0
	.byte	0
	.byte	0
	.byte	0
	.byte	0
	.byte	0
	.byte	0
	.byte	0
	.byte	0
	.byte	0
	.byte	0
	.byte	0
	.byte	0
	.byte	0
	.byte	0
	.byte	0
	.byte	0
	.byte	0
	.byte	0
	.byte	0
	.byte	0
	.byte	0
	.byte	0
	.byte	0
	.byte	0
	.byte	0
	.byte	0
	.byte	0
	.byte	0
	.byte	0
	.byte	0
	.byte	0
	.byte	0
	.byte	0
	.byte	0
	.byte	0
	.byte	0
	.byte	0
	.byte	0
	.byte	0
	.byte	0
	.byte	0
	.byte	0
	.byte	0
	.byte	0
	.byte	0
	.byte	0
	.byte	0
	.byte	-64
	.byte	65
	.byte	-91
	.byte	-112
	.byte	-60
	.byte	72
	.byte	41
	.byte	0
	.byte	0
	.byte	-103
	.byte	-99
	.byte	67
	.byte	-98
	.byte	121
	.byte	-58
	.byte	0
	.byte	65
	.byte	28
	.byte	-57
	.byte	28
	.byte	59
	.byte	119
	.byte	46
	.byte	29
	.byte	75
	.byte	17
	.byte	37
	.byte	115
	.byte	-52
	.byte	113
	.byte	-105
	.byte	82
	.byte	-108
	.byte	-46
	.byte	45
	.byte	-104
	.byte	-128
	.byte	-128
	.byte	0
	.byte	8
	.byte	16
	.byte	8
	.byte	41
	.byte	4
	.byte	0
	.byte	0
	.byte	0
	.byte	0
	.byte	1
	.byte	0
	.byte	0
	.byte	0
	.byte	-84
	.byte	81
	.byte	5
	.byte	-43
	.byte	-25
	.byte	-112
	.byte	-96
	.byte	72
	.byte	4
	.byte	0
	.byte	-110
	.byte	-124
	.byte	-112
	.byte	9
	.byte	1
	.byte	-91
	.byte	84
	.byte	114
	.byte	-126
	.byte	-94
	.byte	-108
	.byte	34
	.byte	69
	.byte	-124
	.byte	36
	.byte	-88
	.byte	-60
	.byte	-74
	.byte	82
	.byte	74
	.byte	41
	.byte	72
	.byte	74
	.byte	85
	.byte	74
	.byte	20
	.byte	65
	.byte	5
	.byte	-28
	.byte	-114
	.byte	57
	.byte	35
	.byte	-18
	.byte	-128
	.byte	-44
	.byte	115
	.byte	-52
	.byte	113
	.byte	-27
	.byte	46
	.byte	-91
	.byte	-86
	.byte	-46
	.byte	-109
	.byte	-92
	.byte	20
	.byte	4
	.byte	-54
	.byte	32
	.byte	44
	.byte	-94
	.byte	58
	.byte	28
	.byte	68
	.byte	-110
	.byte	49
	.byte	-27
	.byte	28
	.byte	98
	.byte	28
	.byte	4
	.byte	-112
	.byte	-23
	.byte	-46
	.byte	-119
	.byte	116
	.byte	-41
	.byte	-98
	.byte	-96
	.byte	17
	.byte	85
	.byte	75
	.byte	41
	.byte	37
	.byte	35
	.byte	-87
	.byte	84
	.byte	-58
	.byte	73
	.byte	8
	.byte	1
	.byte	64
	.byte	74
	.byte	-111
	.byte	-38
	.byte	-91
	.byte	-108
	.byte	74
	.byte	85
	.byte	74
	.byte	41
	.byte	-51
	.byte	-112
	.byte	-108
	.byte	42
	.byte	73
	.byte	36
	.byte	34
	.byte	80
	.byte	0
	.byte	124
	.byte	76
	.byte	72
	.byte	-120
	.byte	64
	.byte	0
	.byte	8
	.byte	73
	.byte	1
	.byte	61
	.byte	-108
	.byte	68
	.byte	66
	.byte	37
	.byte	39
	.byte	-96
	.byte	122
	.byte	41
	.byte	82
	.byte	68
	.byte	74
	.byte	-110
	.byte	74
	.byte	68
	.byte	41
	.byte	-99
	.byte	116
	.byte	-112
	.byte	-92
	.byte	82
	.byte	37
	.byte	20
	.byte	65
	.byte	4
	.byte	0
	.byte	41
	.byte	69
	.byte	26
	.byte	-110
	.byte	82
	.byte	58
	.byte	85
	.byte	41
	.byte	-91
	.byte	20
	.byte	76
	.byte	82
	.byte	81
	.byte	36
	.byte	9
	.byte	73
	.byte	64
	.byte	65
	.byte	-96
	.byte	28
	.byte	-55
	.byte	66
	.byte	1
	.byte	16
	.byte	20
	.byte	24
	.byte	-67
	.byte	67
	.byte	-114
	.byte	17
	.byte	-58
	.byte	16
	.byte	65
	.byte	8
	.byte	39
	.byte	29
	.byte	59
	.byte	23
	.byte	46
	.byte	-99
	.byte	73
	.byte	23
	.byte	37
	.byte	19
	.byte	76
	.byte	58
	.byte	98
	.byte	-124
	.byte	-110
	.byte	-52
	.byte	13
	.byte	26
	.byte	60
	.byte	-72
	.byte	99
	.byte	-50
	.byte	-120
	.byte	75
	.byte	41
	.byte	85
	.byte	37
	.byte	115
	.byte	92
	.byte	28
	.byte	114
	.byte	66
	.byte	41
	.byte	-9
	.byte	-84
	.byte	1
	.byte	7
	.byte	0
	.byte	64
	.byte	0
	.byte	0
	.byte	0
	.byte	32
	.byte	0
	.byte	0
	.byte	0
	.byte	0
	.byte	0
	.byte	0
	.byte	0
	.byte	0
	.byte	0
	.byte	0
	.byte	0
	.byte	0
	.byte	0
	.byte	0
	.byte	0
	.byte	0
	.byte	0
	.byte	0
	.byte	0
	.byte	0
	.byte	64
	.byte	0
	.byte	0
	.byte	0
	.byte	0
	.byte	0
	.byte	0
	.byte	0
	.byte	0
	.byte	0
	.byte	0
	.byte	0
	.byte	0
	.byte	8
	.byte	32
	.byte	0
	.byte	0
	.byte	64
	.byte	64
	.byte	0
	.byte	0
	.byte	0
	.byte	0
	.byte	16
	.byte	0
	.byte	0
	.byte	0
	.byte	0
	.byte	0
	.byte	0
	.byte	0
	.byte	0
	.byte	0
	.byte	0
	.byte	0
	.byte	0
	.byte	0
	.byte	0
	.byte	0
	.byte	0
	.byte	0
	.byte	0
	.byte	0
	.byte	0
	.byte	0
	.byte	0
	.byte	0
	.byte	0
	.byte	0
	.byte	0
	.byte	0
	.byte	0
	.byte	0
	.byte	0
	.byte	0
	.byte	0
	.byte	0
	.byte	0
	.byte	0
	.byte	0
	.byte	0
	.byte	0
	.byte	0
	.byte	0
	.byte	0
	.byte	0
	.byte	24
	.byte	64
	.byte	0
	.byte	0
	.byte	0
	.byte	1
	.byte	1
	.byte	0
	.byte	0
	.byte	0
	.byte	48
	.byte	0
	.byte	0
	.byte	0
	.section	.data$_ZGVZN8graphics12font_defaultEvE3fnt,"w"
	.align 8
__ZGVZN8graphics12font_defaultEvE3fnt:
	.space 8
	.section	.data$_ZStL8__ioinit,"w"
__ZStL8__ioinit:
	.space 1
	.ident	"GCC: (i686-posix-dwarf-rev0, Built by MinGW-W64 project) 5.2.0"
	.def	__ZNK8graphics15inline_bw_photo9bool_readENS_6vectorE;	.scl	2;	.type	32;	.endef
	.def	__ZNSt8ios_base4InitD1Ev;	.scl	2;	.type	32;	.endef
	.def	__ZNSt8ios_base4InitC1Ev;	.scl	2;	.type	32;	.endef
	.def	_atexit;	.scl	2;	.type	32;	.endef
